[ 2025-03-13 19:32:17,060 ] 97 werkzeug - WARNING -  * Debugger is active!
[ 2025-03-13 19:32:17,060 ] 97 werkzeug - INFO -  * Debugger PIN: 717-430-023
[ 2025-03-13 19:32:24,637 ] 210 root - INFO - Starting transformation...
[ 2025-03-13 19:32:24,637 ] 211 root - INFO - Data: {'Age': [40], 'Income': [1000000.0], 'Home': ['OWN'], 'Emp_length': [15.0], 'Intent': ['PERSONAL'], 'Amount': [100000.0], 'Rate': [12.0], 'Status': ['Employed'], 'Percent_income': [0.02], 'Cred_length': [10]}
[ 2025-03-13 19:32:24,648 ] 36 root - INFO - Loading model from artifacts/model.pkl
[ 2025-03-13 19:32:24,652 ] 38 root - INFO - Loading processor from artifacts/processor.pkl
[ 2025-03-13 19:32:24,656 ] 43 root - INFO - Converting Status from string to numeric value
[ 2025-03-13 19:32:24,657 ] 50 root - INFO - Converted Status values: [1]
[ 2025-03-13 19:32:24,657 ] 54 root - INFO - Attempting prediction with original model...
[ 2025-03-13 19:32:24,657 ] 62 root - ERROR - Original model prediction failed: 'ColumnTransformer' object has no attribute '_name_to_fitted_passthrough'
[ 2025-03-13 19:32:24,657 ] 63 root - INFO - Using enhanced fallback prediction approach...
[ 2025-03-13 19:32:24,658 ] 146 root - INFO - Enhanced risk calculation factors:
[ 2025-03-13 19:32:24,658 ] 147 root - INFO - - Age (40): impact varies
[ 2025-03-13 19:32:24,658 ] 148 root - INFO - - Loan/Income (0.10): impact varies
[ 2025-03-13 19:32:24,658 ] 149 root - INFO - - Employment Length (15.0): impact varies
[ 2025-03-13 19:32:24,658 ] 150 root - INFO - - Credit Length (10): impact varies
[ 2025-03-13 19:32:24,658 ] 151 root - INFO - - Interest Rate (12.0): impact varies
[ 2025-03-13 19:32:24,658 ] 152 root - INFO - - Employment Status (1): impact varies
[ 2025-03-13 19:32:24,658 ] 153 root - INFO - - Home Ownership (OWN): impact varies
[ 2025-03-13 19:32:24,658 ] 154 root - INFO - - Loan Intent (PERSONAL): impact varies
[ 2025-03-13 19:32:24,658 ] 156 root - INFO - Final calculated risk score: 0.1200
[ 2025-03-13 19:32:24,662 ] 97 werkzeug - INFO - 127.0.0.1 - - [13/Mar/2025 19:32:24] "POST /predictdata HTTP/1.1" 200 -
[ 2025-03-13 19:32:30,596 ] 210 root - INFO - Starting transformation...
[ 2025-03-13 19:32:30,597 ] 211 root - INFO - Data: {'Age': [40], 'Income': [1000000.0], 'Home': ['OWN'], 'Emp_length': [15.0], 'Intent': ['PERSONAL'], 'Amount': [100000.0], 'Rate': [12.0], 'Status': ['Employed'], 'Percent_income': [0.02], 'Cred_length': [10]}
[ 2025-03-13 19:32:30,623 ] 36 root - INFO - Loading model from artifacts/model.pkl
[ 2025-03-13 19:32:30,628 ] 38 root - INFO - Loading processor from artifacts/processor.pkl
[ 2025-03-13 19:32:30,629 ] 43 root - INFO - Converting Status from string to numeric value
[ 2025-03-13 19:32:30,630 ] 50 root - INFO - Converted Status values: [1]
[ 2025-03-13 19:32:30,630 ] 54 root - INFO - Attempting prediction with original model...
[ 2025-03-13 19:32:30,630 ] 62 root - ERROR - Original model prediction failed: 'ColumnTransformer' object has no attribute '_name_to_fitted_passthrough'
[ 2025-03-13 19:32:30,630 ] 63 root - INFO - Using enhanced fallback prediction approach...
[ 2025-03-13 19:32:30,631 ] 146 root - INFO - Enhanced risk calculation factors:
[ 2025-03-13 19:32:30,631 ] 147 root - INFO - - Age (40): impact varies
[ 2025-03-13 19:32:30,631 ] 148 root - INFO - - Loan/Income (0.10): impact varies
[ 2025-03-13 19:32:30,631 ] 149 root - INFO - - Employment Length (15.0): impact varies
[ 2025-03-13 19:32:30,631 ] 150 root - INFO - - Credit Length (10): impact varies
[ 2025-03-13 19:32:30,631 ] 151 root - INFO - - Interest Rate (12.0): impact varies
[ 2025-03-13 19:32:30,631 ] 152 root - INFO - - Employment Status (1): impact varies
[ 2025-03-13 19:32:30,631 ] 153 root - INFO - - Home Ownership (OWN): impact varies
[ 2025-03-13 19:32:30,631 ] 154 root - INFO - - Loan Intent (PERSONAL): impact varies
[ 2025-03-13 19:32:30,631 ] 156 root - INFO - Final calculated risk score: 0.1200
[ 2025-03-13 19:32:30,632 ] 97 werkzeug - INFO - 127.0.0.1 - - [13/Mar/2025 19:32:30] "POST /predictdata HTTP/1.1" 200 -
[ 2025-03-13 19:32:37,872 ] 210 root - INFO - Starting transformation...
[ 2025-03-13 19:32:37,872 ] 211 root - INFO - Data: {'Age': [40], 'Income': [1000000.0], 'Home': ['OWN'], 'Emp_length': [15.0], 'Intent': ['PERSONAL'], 'Amount': [100000.0], 'Rate': [12.0], 'Status': ['Employed'], 'Percent_income': [0.02], 'Cred_length': [10]}
[ 2025-03-13 19:32:37,897 ] 36 root - INFO - Loading model from artifacts/model.pkl
[ 2025-03-13 19:32:37,902 ] 38 root - INFO - Loading processor from artifacts/processor.pkl
[ 2025-03-13 19:32:37,903 ] 43 root - INFO - Converting Status from string to numeric value
[ 2025-03-13 19:32:37,904 ] 50 root - INFO - Converted Status values: [1]
[ 2025-03-13 19:32:37,904 ] 54 root - INFO - Attempting prediction with original model...
[ 2025-03-13 19:32:37,905 ] 62 root - ERROR - Original model prediction failed: 'ColumnTransformer' object has no attribute '_name_to_fitted_passthrough'
[ 2025-03-13 19:32:37,905 ] 63 root - INFO - Using enhanced fallback prediction approach...
[ 2025-03-13 19:32:37,905 ] 146 root - INFO - Enhanced risk calculation factors:
[ 2025-03-13 19:32:37,905 ] 147 root - INFO - - Age (40): impact varies
[ 2025-03-13 19:32:37,905 ] 148 root - INFO - - Loan/Income (0.10): impact varies
[ 2025-03-13 19:32:37,905 ] 149 root - INFO - - Employment Length (15.0): impact varies
[ 2025-03-13 19:32:37,905 ] 150 root - INFO - - Credit Length (10): impact varies
[ 2025-03-13 19:32:37,906 ] 151 root - INFO - - Interest Rate (12.0): impact varies
[ 2025-03-13 19:32:37,906 ] 152 root - INFO - - Employment Status (1): impact varies
[ 2025-03-13 19:32:37,906 ] 153 root - INFO - - Home Ownership (OWN): impact varies
[ 2025-03-13 19:32:37,906 ] 154 root - INFO - - Loan Intent (PERSONAL): impact varies
[ 2025-03-13 19:32:37,906 ] 156 root - INFO - Final calculated risk score: 0.1200
[ 2025-03-13 19:32:37,906 ] 97 werkzeug - INFO - 127.0.0.1 - - [13/Mar/2025 19:32:37] "POST /predictdata HTTP/1.1" 200 -
[ 2025-03-13 19:33:20,530 ] 210 root - INFO - Starting transformation...
[ 2025-03-13 19:33:20,531 ] 211 root - INFO - Data: {'Age': [40], 'Income': [1000000.0], 'Home': ['OWN'], 'Emp_length': [15.0], 'Intent': ['PERSONAL'], 'Amount': [1000000.0], 'Rate': [12.0], 'Status': ['Employed'], 'Percent_income': [0.02], 'Cred_length': [10]}
[ 2025-03-13 19:33:20,547 ] 36 root - INFO - Loading model from artifacts/model.pkl
[ 2025-03-13 19:33:20,552 ] 38 root - INFO - Loading processor from artifacts/processor.pkl
[ 2025-03-13 19:33:20,553 ] 43 root - INFO - Converting Status from string to numeric value
[ 2025-03-13 19:33:20,554 ] 50 root - INFO - Converted Status values: [1]
[ 2025-03-13 19:33:20,554 ] 54 root - INFO - Attempting prediction with original model...
[ 2025-03-13 19:33:20,554 ] 62 root - ERROR - Original model prediction failed: 'ColumnTransformer' object has no attribute '_name_to_fitted_passthrough'
[ 2025-03-13 19:33:20,554 ] 63 root - INFO - Using enhanced fallback prediction approach...
[ 2025-03-13 19:33:20,555 ] 146 root - INFO - Enhanced risk calculation factors:
[ 2025-03-13 19:33:20,555 ] 147 root - INFO - - Age (40): impact varies
[ 2025-03-13 19:33:20,555 ] 148 root - INFO - - Loan/Income (1.00): impact varies
[ 2025-03-13 19:33:20,555 ] 149 root - INFO - - Employment Length (15.0): impact varies
[ 2025-03-13 19:33:20,555 ] 150 root - INFO - - Credit Length (10): impact varies
[ 2025-03-13 19:33:20,555 ] 151 root - INFO - - Interest Rate (12.0): impact varies
[ 2025-03-13 19:33:20,555 ] 152 root - INFO - - Employment Status (1): impact varies
[ 2025-03-13 19:33:20,555 ] 153 root - INFO - - Home Ownership (OWN): impact varies
[ 2025-03-13 19:33:20,555 ] 154 root - INFO - - Loan Intent (PERSONAL): impact varies
[ 2025-03-13 19:33:20,555 ] 156 root - INFO - Final calculated risk score: 0.0500
[ 2025-03-13 19:33:20,555 ] 97 werkzeug - INFO - 127.0.0.1 - - [13/Mar/2025 19:33:20] "POST /predictdata HTTP/1.1" 200 -
[ 2025-03-13 19:37:08,594 ] 97 werkzeug - INFO -  * Detected change in '/home/soham/Programs/CreditMetrics (another copy)/src/pipeline/pred_pipeline.py', reloading
