[ 2025-03-13 20:08:29,243 ] 97 werkzeug - WARNING -  * Debugger is active!
[ 2025-03-13 20:08:29,244 ] 97 werkzeug - INFO -  * Debugger PIN: 717-430-023
[ 2025-03-13 20:08:30,458 ] 231 root - INFO - Starting transformation...
[ 2025-03-13 20:08:30,458 ] 232 root - INFO - Data: {'Age': [22], 'Income': [1000000.0], 'Home': ['OWN'], 'Emp_length': [1.0], 'Intent': ['EDUCATION'], 'Amount': [10000.0], 'Rate': [12.0], 'Status': ['Unemployed'], 'Percent_income': [0.01], 'Cred_length': [1]}
[ 2025-03-13 20:08:30,486 ] 36 root - INFO - Loading model from artifacts/model.pkl
[ 2025-03-13 20:08:30,492 ] 38 root - INFO - Loading processor from artifacts/processor.pkl
[ 2025-03-13 20:08:30,498 ] 43 root - INFO - Converting Status from string to numeric value
[ 2025-03-13 20:08:30,499 ] 50 root - INFO - Converted Status values: [0]
[ 2025-03-13 20:08:30,499 ] 54 root - INFO - Attempting prediction with original model...
[ 2025-03-13 20:08:30,499 ] 62 root - ERROR - Original model prediction failed: 'ColumnTransformer' object has no attribute '_name_to_fitted_passthrough'
[ 2025-03-13 20:08:30,499 ] 63 root - INFO - Using enhanced fallback prediction approach...
[ 2025-03-13 20:08:30,500 ] 177 root - INFO - Final calculated risk score: 0.7421
[ 2025-03-13 20:08:30,503 ] 97 werkzeug - INFO - 127.0.0.1 - - [13/Mar/2025 20:08:30] "POST /predictdata HTTP/1.1" 200 -
[ 2025-03-13 20:08:34,872 ] 231 root - INFO - Starting transformation...
[ 2025-03-13 20:08:34,873 ] 232 root - INFO - Data: {'Age': [22], 'Income': [1000000.0], 'Home': ['OWN'], 'Emp_length': [1.0], 'Intent': ['EDUCATION'], 'Amount': [10000.0], 'Rate': [12.0], 'Status': ['Unemployed'], 'Percent_income': [0.01], 'Cred_length': [1]}
[ 2025-03-13 20:08:34,904 ] 36 root - INFO - Loading model from artifacts/model.pkl
[ 2025-03-13 20:08:34,909 ] 38 root - INFO - Loading processor from artifacts/processor.pkl
[ 2025-03-13 20:08:34,910 ] 43 root - INFO - Converting Status from string to numeric value
[ 2025-03-13 20:08:34,911 ] 50 root - INFO - Converted Status values: [0]
[ 2025-03-13 20:08:34,911 ] 54 root - INFO - Attempting prediction with original model...
[ 2025-03-13 20:08:34,912 ] 62 root - ERROR - Original model prediction failed: 'ColumnTransformer' object has no attribute '_name_to_fitted_passthrough'
[ 2025-03-13 20:08:34,912 ] 63 root - INFO - Using enhanced fallback prediction approach...
[ 2025-03-13 20:08:34,912 ] 177 root - INFO - Final calculated risk score: 0.7421
[ 2025-03-13 20:08:34,913 ] 97 werkzeug - INFO - 127.0.0.1 - - [13/Mar/2025 20:08:34] "POST /predictdata HTTP/1.1" 200 -
[ 2025-03-13 20:08:42,483 ] 97 werkzeug - INFO -  * Detected change in '/home/soham/Programs/CreditMetrics (another copy)/src/pipeline/pred_pipeline.py', reloading
