[ 2025-03-13 19:13:02,725 ] 97 werkzeug - WARNING -  * Debugger is active!
[ 2025-03-13 19:13:02,725 ] 97 werkzeug - INFO -  * Debugger PIN: 717-430-023
[ 2025-03-13 19:13:17,977 ] 212 root - INFO - Starting transformation...
[ 2025-03-13 19:13:17,977 ] 213 root - INFO - Data: {'Age': [50], 'Income': [1000000.0], 'Home': ['MORTGAGE'], 'Emp_length': [10.0], 'Intent': ['PERSONAL'], 'Amount': [10000.0], 'Rate': [10.0], 'Status': ['Employed'], 'Percent_income': [0.1], 'Cred_length': [5]}
[ 2025-03-13 19:13:17,997 ] 36 root - INFO - Loading model from artifacts/model.pkl
[ 2025-03-13 19:13:18,001 ] 38 root - INFO - Loading processor from artifacts/processor.pkl
[ 2025-03-13 19:13:18,008 ] 43 root - INFO - Converting Status from string to numeric value
[ 2025-03-13 19:13:18,009 ] 50 root - INFO - Converted Status values: [1]
[ 2025-03-13 19:13:18,009 ] 54 root - INFO - Attempting prediction with original model...
[ 2025-03-13 19:13:18,009 ] 62 root - ERROR - Original model prediction failed: 'ColumnTransformer' object has no attribute '_name_to_fitted_passthrough'
[ 2025-03-13 19:13:18,009 ] 63 root - INFO - Using enhanced fallback prediction approach...
[ 2025-03-13 19:13:18,010 ] 156 root - INFO - Enhanced risk calculation factors:
[ 2025-03-13 19:13:18,010 ] 157 root - INFO - - Age (50): impact varies
[ 2025-03-13 19:13:18,010 ] 158 root - INFO - - Loan/Income (0.01): impact varies
[ 2025-03-13 19:13:18,010 ] 159 root - INFO - - Employment Length (10.0): impact varies
[ 2025-03-13 19:13:18,010 ] 160 root - INFO - - Credit Length (5): impact varies
[ 2025-03-13 19:13:18,010 ] 161 root - INFO - - Interest Rate (10.0): impact varies
[ 2025-03-13 19:13:18,010 ] 162 root - INFO - - Employment Status (1): impact varies
[ 2025-03-13 19:13:18,010 ] 163 root - INFO - - Home Ownership (MORTGAGE): impact varies
[ 2025-03-13 19:13:18,011 ] 164 root - INFO - - Loan Intent (PERSONAL): impact varies
[ 2025-03-13 19:13:18,011 ] 166 root - INFO - Final calculated risk score: 0.2500
[ 2025-03-13 19:13:18,014 ] 97 werkzeug - INFO - 127.0.0.1 - - [13/Mar/2025 19:13:18] "POST /predictdata HTTP/1.1" 200 -
[ 2025-03-13 19:13:20,112 ] 97 werkzeug - INFO - 127.0.0.1 - - [13/Mar/2025 19:13:20] "GET /makepredictions HTTP/1.1" 200 -
[ 2025-03-13 19:13:20,134 ] 97 werkzeug - INFO - 127.0.0.1 - - [13/Mar/2025 19:13:20] "[36mGET /static/css/style.css HTTP/1.1[0m" 304 -
[ 2025-03-13 19:14:01,698 ] 212 root - INFO - Starting transformation...
[ 2025-03-13 19:14:01,698 ] 213 root - INFO - Data: {'Age': [22], 'Income': [10000.0], 'Home': ['RENT'], 'Emp_length': [50.0], 'Intent': ['EDUCATION'], 'Amount': [1000000.0], 'Rate': [18.0], 'Status': ['Unemployed'], 'Percent_income': [0.01], 'Cred_length': [5]}
[ 2025-03-13 19:14:01,710 ] 36 root - INFO - Loading model from artifacts/model.pkl
[ 2025-03-13 19:14:01,713 ] 38 root - INFO - Loading processor from artifacts/processor.pkl
[ 2025-03-13 19:14:01,714 ] 43 root - INFO - Converting Status from string to numeric value
[ 2025-03-13 19:14:01,714 ] 50 root - INFO - Converted Status values: [0]
[ 2025-03-13 19:14:01,714 ] 54 root - INFO - Attempting prediction with original model...
[ 2025-03-13 19:14:01,714 ] 62 root - ERROR - Original model prediction failed: 'ColumnTransformer' object has no attribute '_name_to_fitted_passthrough'
[ 2025-03-13 19:14:01,715 ] 63 root - INFO - Using enhanced fallback prediction approach...
[ 2025-03-13 19:14:01,715 ] 156 root - INFO - Enhanced risk calculation factors:
[ 2025-03-13 19:14:01,715 ] 157 root - INFO - - Age (22): impact varies
[ 2025-03-13 19:14:01,715 ] 158 root - INFO - - Loan/Income (100.00): impact varies
[ 2025-03-13 19:14:01,715 ] 159 root - INFO - - Employment Length (50.0): impact varies
[ 2025-03-13 19:14:01,715 ] 160 root - INFO - - Credit Length (5): impact varies
[ 2025-03-13 19:14:01,715 ] 161 root - INFO - - Interest Rate (18.0): impact varies
[ 2025-03-13 19:14:01,715 ] 162 root - INFO - - Employment Status (0): impact varies
[ 2025-03-13 19:14:01,715 ] 163 root - INFO - - Home Ownership (RENT): impact varies
[ 2025-03-13 19:14:01,715 ] 164 root - INFO - - Loan Intent (EDUCATION): impact varies
[ 2025-03-13 19:14:01,715 ] 166 root - INFO - Final calculated risk score: 0.9500
[ 2025-03-13 19:14:01,716 ] 97 werkzeug - INFO - 127.0.0.1 - - [13/Mar/2025 19:14:01] "POST /predictdata HTTP/1.1" 200 -
[ 2025-03-13 19:14:21,827 ] 97 werkzeug - INFO - 127.0.0.1 - - [13/Mar/2025 19:14:21] "GET /makepredictions HTTP/1.1" 200 -
[ 2025-03-13 19:14:21,864 ] 97 werkzeug - INFO - 127.0.0.1 - - [13/Mar/2025 19:14:21] "[36mGET /static/css/style.css HTTP/1.1[0m" 304 -
[ 2025-03-13 19:15:14,837 ] 212 root - INFO - Starting transformation...
[ 2025-03-13 19:15:14,837 ] 213 root - INFO - Data: {'Age': [40], 'Income': [1000000.0], 'Home': ['RENT'], 'Emp_length': [15.0], 'Intent': ['MEDICAL'], 'Amount': [1000000.0], 'Rate': [12.0], 'Status': ['Employed'], 'Percent_income': [0.2], 'Cred_length': [5]}
[ 2025-03-13 19:15:14,864 ] 36 root - INFO - Loading model from artifacts/model.pkl
[ 2025-03-13 19:15:14,869 ] 38 root - INFO - Loading processor from artifacts/processor.pkl
[ 2025-03-13 19:15:14,870 ] 43 root - INFO - Converting Status from string to numeric value
[ 2025-03-13 19:15:14,871 ] 50 root - INFO - Converted Status values: [1]
[ 2025-03-13 19:15:14,871 ] 54 root - INFO - Attempting prediction with original model...
[ 2025-03-13 19:15:14,871 ] 62 root - ERROR - Original model prediction failed: 'ColumnTransformer' object has no attribute '_name_to_fitted_passthrough'
[ 2025-03-13 19:15:14,871 ] 63 root - INFO - Using enhanced fallback prediction approach...
[ 2025-03-13 19:15:14,872 ] 156 root - INFO - Enhanced risk calculation factors:
[ 2025-03-13 19:15:14,872 ] 157 root - INFO - - Age (40): impact varies
[ 2025-03-13 19:15:14,872 ] 158 root - INFO - - Loan/Income (1.00): impact varies
[ 2025-03-13 19:15:14,872 ] 159 root - INFO - - Employment Length (15.0): impact varies
[ 2025-03-13 19:15:14,872 ] 160 root - INFO - - Credit Length (5): impact varies
[ 2025-03-13 19:15:14,872 ] 161 root - INFO - - Interest Rate (12.0): impact varies
[ 2025-03-13 19:15:14,872 ] 162 root - INFO - - Employment Status (1): impact varies
[ 2025-03-13 19:15:14,872 ] 163 root - INFO - - Home Ownership (RENT): impact varies
[ 2025-03-13 19:15:14,872 ] 164 root - INFO - - Loan Intent (MEDICAL): impact varies
[ 2025-03-13 19:15:14,872 ] 166 root - INFO - Final calculated risk score: 0.8500
[ 2025-03-13 19:15:14,873 ] 97 werkzeug - INFO - 127.0.0.1 - - [13/Mar/2025 19:15:14] "POST /predictdata HTTP/1.1" 200 -
[ 2025-03-13 19:15:23,505 ] 212 root - INFO - Starting transformation...
[ 2025-03-13 19:15:23,505 ] 213 root - INFO - Data: {'Age': [40], 'Income': [1000000.0], 'Home': ['RENT'], 'Emp_length': [15.0], 'Intent': ['MEDICAL'], 'Amount': [1000000.0], 'Rate': [12.0], 'Status': ['Employed'], 'Percent_income': [0.2], 'Cred_length': [5]}
[ 2025-03-13 19:15:23,528 ] 36 root - INFO - Loading model from artifacts/model.pkl
[ 2025-03-13 19:15:23,533 ] 38 root - INFO - Loading processor from artifacts/processor.pkl
[ 2025-03-13 19:15:23,534 ] 43 root - INFO - Converting Status from string to numeric value
[ 2025-03-13 19:15:23,535 ] 50 root - INFO - Converted Status values: [1]
[ 2025-03-13 19:15:23,536 ] 54 root - INFO - Attempting prediction with original model...
[ 2025-03-13 19:15:23,536 ] 62 root - ERROR - Original model prediction failed: 'ColumnTransformer' object has no attribute '_name_to_fitted_passthrough'
[ 2025-03-13 19:15:23,536 ] 63 root - INFO - Using enhanced fallback prediction approach...
[ 2025-03-13 19:15:23,536 ] 156 root - INFO - Enhanced risk calculation factors:
[ 2025-03-13 19:15:23,536 ] 157 root - INFO - - Age (40): impact varies
[ 2025-03-13 19:15:23,536 ] 158 root - INFO - - Loan/Income (1.00): impact varies
[ 2025-03-13 19:15:23,536 ] 159 root - INFO - - Employment Length (15.0): impact varies
[ 2025-03-13 19:15:23,536 ] 160 root - INFO - - Credit Length (5): impact varies
[ 2025-03-13 19:15:23,536 ] 161 root - INFO - - Interest Rate (12.0): impact varies
[ 2025-03-13 19:15:23,536 ] 162 root - INFO - - Employment Status (1): impact varies
[ 2025-03-13 19:15:23,536 ] 163 root - INFO - - Home Ownership (RENT): impact varies
[ 2025-03-13 19:15:23,536 ] 164 root - INFO - - Loan Intent (MEDICAL): impact varies
[ 2025-03-13 19:15:23,536 ] 166 root - INFO - Final calculated risk score: 0.8500
[ 2025-03-13 19:15:23,537 ] 97 werkzeug - INFO - 127.0.0.1 - - [13/Mar/2025 19:15:23] "POST /predictdata HTTP/1.1" 200 -
[ 2025-03-13 19:15:35,215 ] 212 root - INFO - Starting transformation...
[ 2025-03-13 19:15:35,215 ] 213 root - INFO - Data: {'Age': [40], 'Income': [1000000.0], 'Home': ['RENT'], 'Emp_length': [15.0], 'Intent': ['MEDICAL'], 'Amount': [1000000.0], 'Rate': [12.0], 'Status': ['Employed'], 'Percent_income': [0.2], 'Cred_length': [10]}
[ 2025-03-13 19:15:35,244 ] 36 root - INFO - Loading model from artifacts/model.pkl
[ 2025-03-13 19:15:35,249 ] 38 root - INFO - Loading processor from artifacts/processor.pkl
[ 2025-03-13 19:15:35,249 ] 43 root - INFO - Converting Status from string to numeric value
[ 2025-03-13 19:15:35,250 ] 50 root - INFO - Converted Status values: [1]
[ 2025-03-13 19:15:35,251 ] 54 root - INFO - Attempting prediction with original model...
[ 2025-03-13 19:15:35,251 ] 62 root - ERROR - Original model prediction failed: 'ColumnTransformer' object has no attribute '_name_to_fitted_passthrough'
[ 2025-03-13 19:15:35,251 ] 63 root - INFO - Using enhanced fallback prediction approach...
[ 2025-03-13 19:15:35,251 ] 156 root - INFO - Enhanced risk calculation factors:
[ 2025-03-13 19:15:35,251 ] 157 root - INFO - - Age (40): impact varies
[ 2025-03-13 19:15:35,251 ] 158 root - INFO - - Loan/Income (1.00): impact varies
[ 2025-03-13 19:15:35,251 ] 159 root - INFO - - Employment Length (15.0): impact varies
[ 2025-03-13 19:15:35,251 ] 160 root - INFO - - Credit Length (10): impact varies
[ 2025-03-13 19:15:35,251 ] 161 root - INFO - - Interest Rate (12.0): impact varies
[ 2025-03-13 19:15:35,251 ] 162 root - INFO - - Employment Status (1): impact varies
[ 2025-03-13 19:15:35,251 ] 163 root - INFO - - Home Ownership (RENT): impact varies
[ 2025-03-13 19:15:35,251 ] 164 root - INFO - - Loan Intent (MEDICAL): impact varies
[ 2025-03-13 19:15:35,252 ] 166 root - INFO - Final calculated risk score: 0.7500
[ 2025-03-13 19:15:35,252 ] 97 werkzeug - INFO - 127.0.0.1 - - [13/Mar/2025 19:15:35] "POST /predictdata HTTP/1.1" 200 -
[ 2025-03-13 19:15:42,083 ] 212 root - INFO - Starting transformation...
[ 2025-03-13 19:15:42,083 ] 213 root - INFO - Data: {'Age': [40], 'Income': [1000000.0], 'Home': ['RENT'], 'Emp_length': [15.0], 'Intent': ['MEDICAL'], 'Amount': [1000000.0], 'Rate': [12.0], 'Status': ['Employed'], 'Percent_income': [0.2], 'Cred_length': [15]}
[ 2025-03-13 19:15:42,109 ] 36 root - INFO - Loading model from artifacts/model.pkl
[ 2025-03-13 19:15:42,113 ] 38 root - INFO - Loading processor from artifacts/processor.pkl
[ 2025-03-13 19:15:42,114 ] 43 root - INFO - Converting Status from string to numeric value
[ 2025-03-13 19:15:42,115 ] 50 root - INFO - Converted Status values: [1]
[ 2025-03-13 19:15:42,115 ] 54 root - INFO - Attempting prediction with original model...
[ 2025-03-13 19:15:42,115 ] 62 root - ERROR - Original model prediction failed: 'ColumnTransformer' object has no attribute '_name_to_fitted_passthrough'
[ 2025-03-13 19:15:42,116 ] 63 root - INFO - Using enhanced fallback prediction approach...
[ 2025-03-13 19:15:42,116 ] 156 root - INFO - Enhanced risk calculation factors:
[ 2025-03-13 19:15:42,116 ] 157 root - INFO - - Age (40): impact varies
[ 2025-03-13 19:15:42,116 ] 158 root - INFO - - Loan/Income (1.00): impact varies
[ 2025-03-13 19:15:42,116 ] 159 root - INFO - - Employment Length (15.0): impact varies
[ 2025-03-13 19:15:42,116 ] 160 root - INFO - - Credit Length (15): impact varies
[ 2025-03-13 19:15:42,116 ] 161 root - INFO - - Interest Rate (12.0): impact varies
[ 2025-03-13 19:15:42,116 ] 162 root - INFO - - Employment Status (1): impact varies
[ 2025-03-13 19:15:42,117 ] 163 root - INFO - - Home Ownership (RENT): impact varies
[ 2025-03-13 19:15:42,117 ] 164 root - INFO - - Loan Intent (MEDICAL): impact varies
[ 2025-03-13 19:15:42,117 ] 166 root - INFO - Final calculated risk score: 0.7000
[ 2025-03-13 19:15:42,117 ] 97 werkzeug - INFO - 127.0.0.1 - - [13/Mar/2025 19:15:42] "POST /predictdata HTTP/1.1" 200 -
[ 2025-03-13 19:15:49,959 ] 212 root - INFO - Starting transformation...
[ 2025-03-13 19:15:49,959 ] 213 root - INFO - Data: {'Age': [40], 'Income': [1000000.0], 'Home': ['RENT'], 'Emp_length': [15.0], 'Intent': ['MEDICAL'], 'Amount': [1000000.0], 'Rate': [12.0], 'Status': ['Unemployed'], 'Percent_income': [0.2], 'Cred_length': [15]}
[ 2025-03-13 19:15:49,976 ] 36 root - INFO - Loading model from artifacts/model.pkl
[ 2025-03-13 19:15:49,979 ] 38 root - INFO - Loading processor from artifacts/processor.pkl
[ 2025-03-13 19:15:49,979 ] 43 root - INFO - Converting Status from string to numeric value
[ 2025-03-13 19:15:49,980 ] 50 root - INFO - Converted Status values: [0]
[ 2025-03-13 19:15:49,980 ] 54 root - INFO - Attempting prediction with original model...
[ 2025-03-13 19:15:49,980 ] 62 root - ERROR - Original model prediction failed: 'ColumnTransformer' object has no attribute '_name_to_fitted_passthrough'
[ 2025-03-13 19:15:49,980 ] 63 root - INFO - Using enhanced fallback prediction approach...
[ 2025-03-13 19:15:49,981 ] 156 root - INFO - Enhanced risk calculation factors:
[ 2025-03-13 19:15:49,981 ] 157 root - INFO - - Age (40): impact varies
[ 2025-03-13 19:15:49,981 ] 158 root - INFO - - Loan/Income (1.00): impact varies
[ 2025-03-13 19:15:49,981 ] 159 root - INFO - - Employment Length (15.0): impact varies
[ 2025-03-13 19:15:49,981 ] 160 root - INFO - - Credit Length (15): impact varies
[ 2025-03-13 19:15:49,981 ] 161 root - INFO - - Interest Rate (12.0): impact varies
[ 2025-03-13 19:15:49,981 ] 162 root - INFO - - Employment Status (0): impact varies
[ 2025-03-13 19:15:49,981 ] 163 root - INFO - - Home Ownership (RENT): impact varies
[ 2025-03-13 19:15:49,981 ] 164 root - INFO - - Loan Intent (MEDICAL): impact varies
[ 2025-03-13 19:15:49,981 ] 166 root - INFO - Final calculated risk score: 0.9000
[ 2025-03-13 19:15:49,982 ] 97 werkzeug - INFO - 127.0.0.1 - - [13/Mar/2025 19:15:49] "POST /predictdata HTTP/1.1" 200 -
[ 2025-03-13 19:15:59,804 ] 212 root - INFO - Starting transformation...
[ 2025-03-13 19:15:59,804 ] 213 root - INFO - Data: {'Age': [40], 'Income': [1000000.0], 'Home': ['RENT'], 'Emp_length': [15.0], 'Intent': ['MEDICAL'], 'Amount': [100000.0], 'Rate': [12.0], 'Status': ['Employed'], 'Percent_income': [0.2], 'Cred_length': [15]}
[ 2025-03-13 19:15:59,833 ] 36 root - INFO - Loading model from artifacts/model.pkl
[ 2025-03-13 19:15:59,838 ] 38 root - INFO - Loading processor from artifacts/processor.pkl
[ 2025-03-13 19:15:59,838 ] 43 root - INFO - Converting Status from string to numeric value
[ 2025-03-13 19:15:59,840 ] 50 root - INFO - Converted Status values: [1]
[ 2025-03-13 19:15:59,840 ] 54 root - INFO - Attempting prediction with original model...
[ 2025-03-13 19:15:59,840 ] 62 root - ERROR - Original model prediction failed: 'ColumnTransformer' object has no attribute '_name_to_fitted_passthrough'
[ 2025-03-13 19:15:59,840 ] 63 root - INFO - Using enhanced fallback prediction approach...
[ 2025-03-13 19:15:59,841 ] 156 root - INFO - Enhanced risk calculation factors:
[ 2025-03-13 19:15:59,841 ] 157 root - INFO - - Age (40): impact varies
[ 2025-03-13 19:15:59,841 ] 158 root - INFO - - Loan/Income (0.10): impact varies
[ 2025-03-13 19:15:59,841 ] 159 root - INFO - - Employment Length (15.0): impact varies
[ 2025-03-13 19:15:59,841 ] 160 root - INFO - - Credit Length (15): impact varies
[ 2025-03-13 19:15:59,841 ] 161 root - INFO - - Interest Rate (12.0): impact varies
[ 2025-03-13 19:15:59,841 ] 162 root - INFO - - Employment Status (1): impact varies
[ 2025-03-13 19:15:59,842 ] 163 root - INFO - - Home Ownership (RENT): impact varies
[ 2025-03-13 19:15:59,842 ] 164 root - INFO - - Loan Intent (MEDICAL): impact varies
[ 2025-03-13 19:15:59,842 ] 166 root - INFO - Final calculated risk score: 0.3500
[ 2025-03-13 19:15:59,842 ] 97 werkzeug - INFO - 127.0.0.1 - - [13/Mar/2025 19:15:59] "POST /predictdata HTTP/1.1" 200 -
[ 2025-03-13 19:16:09,364 ] 212 root - INFO - Starting transformation...
[ 2025-03-13 19:16:09,364 ] 213 root - INFO - Data: {'Age': [40], 'Income': [1000000.0], 'Home': ['RENT'], 'Emp_length': [15.0], 'Intent': ['MEDICAL'], 'Amount': [10000.0], 'Rate': [12.0], 'Status': ['Employed'], 'Percent_income': [0.2], 'Cred_length': [15]}
[ 2025-03-13 19:16:09,384 ] 36 root - INFO - Loading model from artifacts/model.pkl
[ 2025-03-13 19:16:09,387 ] 38 root - INFO - Loading processor from artifacts/processor.pkl
[ 2025-03-13 19:16:09,388 ] 43 root - INFO - Converting Status from string to numeric value
[ 2025-03-13 19:16:09,389 ] 50 root - INFO - Converted Status values: [1]
[ 2025-03-13 19:16:09,389 ] 54 root - INFO - Attempting prediction with original model...
[ 2025-03-13 19:16:09,389 ] 62 root - ERROR - Original model prediction failed: 'ColumnTransformer' object has no attribute '_name_to_fitted_passthrough'
[ 2025-03-13 19:16:09,389 ] 63 root - INFO - Using enhanced fallback prediction approach...
[ 2025-03-13 19:16:09,389 ] 156 root - INFO - Enhanced risk calculation factors:
[ 2025-03-13 19:16:09,389 ] 157 root - INFO - - Age (40): impact varies
[ 2025-03-13 19:16:09,389 ] 158 root - INFO - - Loan/Income (0.01): impact varies
[ 2025-03-13 19:16:09,389 ] 159 root - INFO - - Employment Length (15.0): impact varies
[ 2025-03-13 19:16:09,389 ] 160 root - INFO - - Credit Length (15): impact varies
[ 2025-03-13 19:16:09,389 ] 161 root - INFO - - Interest Rate (12.0): impact varies
[ 2025-03-13 19:16:09,389 ] 162 root - INFO - - Employment Status (1): impact varies
[ 2025-03-13 19:16:09,389 ] 163 root - INFO - - Home Ownership (RENT): impact varies
[ 2025-03-13 19:16:09,390 ] 164 root - INFO - - Loan Intent (MEDICAL): impact varies
[ 2025-03-13 19:16:09,390 ] 166 root - INFO - Final calculated risk score: 0.2500
[ 2025-03-13 19:16:09,390 ] 97 werkzeug - INFO - 127.0.0.1 - - [13/Mar/2025 19:16:09] "POST /predictdata HTTP/1.1" 200 -
[ 2025-03-13 19:16:29,493 ] 212 root - INFO - Starting transformation...
[ 2025-03-13 19:16:29,493 ] 213 root - INFO - Data: {'Age': [40], 'Income': [1000000.0], 'Home': ['RENT'], 'Emp_length': [15.0], 'Intent': ['MEDICAL'], 'Amount': [50000.0], 'Rate': [12.0], 'Status': ['Employed'], 'Percent_income': [0.2], 'Cred_length': [15]}
[ 2025-03-13 19:16:29,508 ] 36 root - INFO - Loading model from artifacts/model.pkl
[ 2025-03-13 19:16:29,512 ] 38 root - INFO - Loading processor from artifacts/processor.pkl
[ 2025-03-13 19:16:29,513 ] 43 root - INFO - Converting Status from string to numeric value
[ 2025-03-13 19:16:29,515 ] 50 root - INFO - Converted Status values: [1]
[ 2025-03-13 19:16:29,515 ] 54 root - INFO - Attempting prediction with original model...
[ 2025-03-13 19:16:29,515 ] 62 root - ERROR - Original model prediction failed: 'ColumnTransformer' object has no attribute '_name_to_fitted_passthrough'
[ 2025-03-13 19:16:29,516 ] 63 root - INFO - Using enhanced fallback prediction approach...
[ 2025-03-13 19:16:29,516 ] 156 root - INFO - Enhanced risk calculation factors:
[ 2025-03-13 19:16:29,517 ] 157 root - INFO - - Age (40): impact varies
[ 2025-03-13 19:16:29,517 ] 158 root - INFO - - Loan/Income (0.05): impact varies
[ 2025-03-13 19:16:29,517 ] 159 root - INFO - - Employment Length (15.0): impact varies
[ 2025-03-13 19:16:29,517 ] 160 root - INFO - - Credit Length (15): impact varies
[ 2025-03-13 19:16:29,517 ] 161 root - INFO - - Interest Rate (12.0): impact varies
[ 2025-03-13 19:16:29,517 ] 162 root - INFO - - Employment Status (1): impact varies
[ 2025-03-13 19:16:29,517 ] 163 root - INFO - - Home Ownership (RENT): impact varies
[ 2025-03-13 19:16:29,517 ] 164 root - INFO - - Loan Intent (MEDICAL): impact varies
[ 2025-03-13 19:16:29,517 ] 166 root - INFO - Final calculated risk score: 0.2500
[ 2025-03-13 19:16:29,518 ] 97 werkzeug - INFO - 127.0.0.1 - - [13/Mar/2025 19:16:29] "POST /predictdata HTTP/1.1" 200 -
[ 2025-03-13 19:19:47,861 ] 212 root - INFO - Starting transformation...
[ 2025-03-13 19:19:47,861 ] 213 root - INFO - Data: {'Age': [40], 'Income': [1000000.0], 'Home': ['RENT'], 'Emp_length': [15.0], 'Intent': ['MEDICAL'], 'Amount': [100000.0], 'Rate': [12.0], 'Status': ['Employed'], 'Percent_income': [0.2], 'Cred_length': [15]}
[ 2025-03-13 19:19:47,887 ] 36 root - INFO - Loading model from artifacts/model.pkl
[ 2025-03-13 19:19:47,892 ] 38 root - INFO - Loading processor from artifacts/processor.pkl
[ 2025-03-13 19:19:47,893 ] 43 root - INFO - Converting Status from string to numeric value
[ 2025-03-13 19:19:47,894 ] 50 root - INFO - Converted Status values: [1]
[ 2025-03-13 19:19:47,894 ] 54 root - INFO - Attempting prediction with original model...
[ 2025-03-13 19:19:47,894 ] 62 root - ERROR - Original model prediction failed: 'ColumnTransformer' object has no attribute '_name_to_fitted_passthrough'
[ 2025-03-13 19:19:47,894 ] 63 root - INFO - Using enhanced fallback prediction approach...
[ 2025-03-13 19:19:47,895 ] 156 root - INFO - Enhanced risk calculation factors:
[ 2025-03-13 19:19:47,895 ] 157 root - INFO - - Age (40): impact varies
[ 2025-03-13 19:19:47,895 ] 158 root - INFO - - Loan/Income (0.10): impact varies
[ 2025-03-13 19:19:47,895 ] 159 root - INFO - - Employment Length (15.0): impact varies
[ 2025-03-13 19:19:47,895 ] 160 root - INFO - - Credit Length (15): impact varies
[ 2025-03-13 19:19:47,895 ] 161 root - INFO - - Interest Rate (12.0): impact varies
[ 2025-03-13 19:19:47,895 ] 162 root - INFO - - Employment Status (1): impact varies
[ 2025-03-13 19:19:47,895 ] 163 root - INFO - - Home Ownership (RENT): impact varies
[ 2025-03-13 19:19:47,895 ] 164 root - INFO - - Loan Intent (MEDICAL): impact varies
[ 2025-03-13 19:19:47,895 ] 166 root - INFO - Final calculated risk score: 0.3500
[ 2025-03-13 19:19:47,896 ] 97 werkzeug - INFO - 127.0.0.1 - - [13/Mar/2025 19:19:47] "POST /predictdata HTTP/1.1" 200 -
[ 2025-03-13 19:19:53,233 ] 212 root - INFO - Starting transformation...
[ 2025-03-13 19:19:53,233 ] 213 root - INFO - Data: {'Age': [40], 'Income': [1000000.0], 'Home': ['OWN'], 'Emp_length': [15.0], 'Intent': ['MEDICAL'], 'Amount': [100000.0], 'Rate': [12.0], 'Status': ['Employed'], 'Percent_income': [0.2], 'Cred_length': [15]}
[ 2025-03-13 19:19:53,256 ] 36 root - INFO - Loading model from artifacts/model.pkl
[ 2025-03-13 19:19:53,260 ] 38 root - INFO - Loading processor from artifacts/processor.pkl
[ 2025-03-13 19:19:53,261 ] 43 root - INFO - Converting Status from string to numeric value
[ 2025-03-13 19:19:53,262 ] 50 root - INFO - Converted Status values: [1]
[ 2025-03-13 19:19:53,262 ] 54 root - INFO - Attempting prediction with original model...
[ 2025-03-13 19:19:53,262 ] 62 root - ERROR - Original model prediction failed: 'ColumnTransformer' object has no attribute '_name_to_fitted_passthrough'
[ 2025-03-13 19:19:53,262 ] 63 root - INFO - Using enhanced fallback prediction approach...
[ 2025-03-13 19:19:53,263 ] 156 root - INFO - Enhanced risk calculation factors:
[ 2025-03-13 19:19:53,263 ] 157 root - INFO - - Age (40): impact varies
[ 2025-03-13 19:19:53,263 ] 158 root - INFO - - Loan/Income (0.10): impact varies
[ 2025-03-13 19:19:53,263 ] 159 root - INFO - - Employment Length (15.0): impact varies
[ 2025-03-13 19:19:53,263 ] 160 root - INFO - - Credit Length (15): impact varies
[ 2025-03-13 19:19:53,263 ] 161 root - INFO - - Interest Rate (12.0): impact varies
[ 2025-03-13 19:19:53,263 ] 162 root - INFO - - Employment Status (1): impact varies
[ 2025-03-13 19:19:53,263 ] 163 root - INFO - - Home Ownership (OWN): impact varies
[ 2025-03-13 19:19:53,263 ] 164 root - INFO - - Loan Intent (MEDICAL): impact varies
[ 2025-03-13 19:19:53,263 ] 166 root - INFO - Final calculated risk score: 0.2500
[ 2025-03-13 19:19:53,264 ] 97 werkzeug - INFO - 127.0.0.1 - - [13/Mar/2025 19:19:53] "POST /predictdata HTTP/1.1" 200 -
[ 2025-03-13 19:19:58,063 ] 212 root - INFO - Starting transformation...
[ 2025-03-13 19:19:58,063 ] 213 root - INFO - Data: {'Age': [40], 'Income': [1000000.0], 'Home': ['MORTGAGE'], 'Emp_length': [15.0], 'Intent': ['MEDICAL'], 'Amount': [100000.0], 'Rate': [12.0], 'Status': ['Employed'], 'Percent_income': [0.2], 'Cred_length': [15]}
[ 2025-03-13 19:19:58,088 ] 36 root - INFO - Loading model from artifacts/model.pkl
[ 2025-03-13 19:19:58,092 ] 38 root - INFO - Loading processor from artifacts/processor.pkl
[ 2025-03-13 19:19:58,093 ] 43 root - INFO - Converting Status from string to numeric value
[ 2025-03-13 19:19:58,094 ] 50 root - INFO - Converted Status values: [1]
[ 2025-03-13 19:19:58,094 ] 54 root - INFO - Attempting prediction with original model...
[ 2025-03-13 19:19:58,094 ] 62 root - ERROR - Original model prediction failed: 'ColumnTransformer' object has no attribute '_name_to_fitted_passthrough'
[ 2025-03-13 19:19:58,094 ] 63 root - INFO - Using enhanced fallback prediction approach...
[ 2025-03-13 19:19:58,095 ] 156 root - INFO - Enhanced risk calculation factors:
[ 2025-03-13 19:19:58,095 ] 157 root - INFO - - Age (40): impact varies
[ 2025-03-13 19:19:58,095 ] 158 root - INFO - - Loan/Income (0.10): impact varies
[ 2025-03-13 19:19:58,095 ] 159 root - INFO - - Employment Length (15.0): impact varies
[ 2025-03-13 19:19:58,095 ] 160 root - INFO - - Credit Length (15): impact varies
[ 2025-03-13 19:19:58,095 ] 161 root - INFO - - Interest Rate (12.0): impact varies
[ 2025-03-13 19:19:58,095 ] 162 root - INFO - - Employment Status (1): impact varies
[ 2025-03-13 19:19:58,095 ] 163 root - INFO - - Home Ownership (MORTGAGE): impact varies
[ 2025-03-13 19:19:58,095 ] 164 root - INFO - - Loan Intent (MEDICAL): impact varies
[ 2025-03-13 19:19:58,095 ] 166 root - INFO - Final calculated risk score: 0.2800
[ 2025-03-13 19:19:58,096 ] 97 werkzeug - INFO - 127.0.0.1 - - [13/Mar/2025 19:19:58] "POST /predictdata HTTP/1.1" 200 -
[ 2025-03-13 19:20:09,069 ] 212 root - INFO - Starting transformation...
[ 2025-03-13 19:20:09,069 ] 213 root - INFO - Data: {'Age': [40], 'Income': [1000000.0], 'Home': ['MORTGAGE'], 'Emp_length': [15.0], 'Intent': ['PERSONAL'], 'Amount': [100000.0], 'Rate': [12.0], 'Status': ['Employed'], 'Percent_income': [0.2], 'Cred_length': [15]}
[ 2025-03-13 19:20:09,089 ] 36 root - INFO - Loading model from artifacts/model.pkl
[ 2025-03-13 19:20:09,092 ] 38 root - INFO - Loading processor from artifacts/processor.pkl
[ 2025-03-13 19:20:09,093 ] 43 root - INFO - Converting Status from string to numeric value
[ 2025-03-13 19:20:09,094 ] 50 root - INFO - Converted Status values: [1]
[ 2025-03-13 19:20:09,094 ] 54 root - INFO - Attempting prediction with original model...
[ 2025-03-13 19:20:09,094 ] 62 root - ERROR - Original model prediction failed: 'ColumnTransformer' object has no attribute '_name_to_fitted_passthrough'
[ 2025-03-13 19:20:09,094 ] 63 root - INFO - Using enhanced fallback prediction approach...
[ 2025-03-13 19:20:09,094 ] 156 root - INFO - Enhanced risk calculation factors:
[ 2025-03-13 19:20:09,095 ] 157 root - INFO - - Age (40): impact varies
[ 2025-03-13 19:20:09,095 ] 158 root - INFO - - Loan/Income (0.10): impact varies
[ 2025-03-13 19:20:09,095 ] 159 root - INFO - - Employment Length (15.0): impact varies
[ 2025-03-13 19:20:09,095 ] 160 root - INFO - - Credit Length (15): impact varies
[ 2025-03-13 19:20:09,095 ] 161 root - INFO - - Interest Rate (12.0): impact varies
[ 2025-03-13 19:20:09,095 ] 162 root - INFO - - Employment Status (1): impact varies
[ 2025-03-13 19:20:09,095 ] 163 root - INFO - - Home Ownership (MORTGAGE): impact varies
[ 2025-03-13 19:20:09,095 ] 164 root - INFO - - Loan Intent (PERSONAL): impact varies
[ 2025-03-13 19:20:09,095 ] 166 root - INFO - Final calculated risk score: 0.2500
[ 2025-03-13 19:20:09,096 ] 97 werkzeug - INFO - 127.0.0.1 - - [13/Mar/2025 19:20:09] "POST /predictdata HTTP/1.1" 200 -
[ 2025-03-13 19:20:14,504 ] 212 root - INFO - Starting transformation...
[ 2025-03-13 19:20:14,505 ] 213 root - INFO - Data: {'Age': [40], 'Income': [1000000.0], 'Home': ['MORTGAGE'], 'Emp_length': [15.0], 'Intent': ['EDUCATION'], 'Amount': [100000.0], 'Rate': [12.0], 'Status': ['Employed'], 'Percent_income': [0.2], 'Cred_length': [15]}
[ 2025-03-13 19:20:14,522 ] 36 root - INFO - Loading model from artifacts/model.pkl
[ 2025-03-13 19:20:14,525 ] 38 root - INFO - Loading processor from artifacts/processor.pkl
[ 2025-03-13 19:20:14,526 ] 43 root - INFO - Converting Status from string to numeric value
[ 2025-03-13 19:20:14,527 ] 50 root - INFO - Converted Status values: [1]
[ 2025-03-13 19:20:14,528 ] 54 root - INFO - Attempting prediction with original model...
[ 2025-03-13 19:20:14,528 ] 62 root - ERROR - Original model prediction failed: 'ColumnTransformer' object has no attribute '_name_to_fitted_passthrough'
[ 2025-03-13 19:20:14,528 ] 63 root - INFO - Using enhanced fallback prediction approach...
[ 2025-03-13 19:20:14,529 ] 156 root - INFO - Enhanced risk calculation factors:
[ 2025-03-13 19:20:14,529 ] 157 root - INFO - - Age (40): impact varies
[ 2025-03-13 19:20:14,529 ] 158 root - INFO - - Loan/Income (0.10): impact varies
[ 2025-03-13 19:20:14,529 ] 159 root - INFO - - Employment Length (15.0): impact varies
[ 2025-03-13 19:20:14,529 ] 160 root - INFO - - Credit Length (15): impact varies
[ 2025-03-13 19:20:14,529 ] 161 root - INFO - - Interest Rate (12.0): impact varies
[ 2025-03-13 19:20:14,529 ] 162 root - INFO - - Employment Status (1): impact varies
[ 2025-03-13 19:20:14,529 ] 163 root - INFO - - Home Ownership (MORTGAGE): impact varies
[ 2025-03-13 19:20:14,529 ] 164 root - INFO - - Loan Intent (EDUCATION): impact varies
[ 2025-03-13 19:20:14,529 ] 166 root - INFO - Final calculated risk score: 0.2100
[ 2025-03-13 19:20:14,530 ] 97 werkzeug - INFO - 127.0.0.1 - - [13/Mar/2025 19:20:14] "POST /predictdata HTTP/1.1" 200 -
[ 2025-03-13 19:20:18,985 ] 212 root - INFO - Starting transformation...
[ 2025-03-13 19:20:18,985 ] 213 root - INFO - Data: {'Age': [40], 'Income': [1000000.0], 'Home': ['MORTGAGE'], 'Emp_length': [15.0], 'Intent': ['MEDICAL'], 'Amount': [100000.0], 'Rate': [12.0], 'Status': ['Employed'], 'Percent_income': [0.2], 'Cred_length': [15]}
[ 2025-03-13 19:20:19,014 ] 36 root - INFO - Loading model from artifacts/model.pkl
[ 2025-03-13 19:20:19,018 ] 38 root - INFO - Loading processor from artifacts/processor.pkl
[ 2025-03-13 19:20:19,019 ] 43 root - INFO - Converting Status from string to numeric value
[ 2025-03-13 19:20:19,020 ] 50 root - INFO - Converted Status values: [1]
[ 2025-03-13 19:20:19,020 ] 54 root - INFO - Attempting prediction with original model...
[ 2025-03-13 19:20:19,020 ] 62 root - ERROR - Original model prediction failed: 'ColumnTransformer' object has no attribute '_name_to_fitted_passthrough'
[ 2025-03-13 19:20:19,020 ] 63 root - INFO - Using enhanced fallback prediction approach...
[ 2025-03-13 19:20:19,021 ] 156 root - INFO - Enhanced risk calculation factors:
[ 2025-03-13 19:20:19,021 ] 157 root - INFO - - Age (40): impact varies
[ 2025-03-13 19:20:19,021 ] 158 root - INFO - - Loan/Income (0.10): impact varies
[ 2025-03-13 19:20:19,021 ] 159 root - INFO - - Employment Length (15.0): impact varies
[ 2025-03-13 19:20:19,021 ] 160 root - INFO - - Credit Length (15): impact varies
[ 2025-03-13 19:20:19,021 ] 161 root - INFO - - Interest Rate (12.0): impact varies
[ 2025-03-13 19:20:19,021 ] 162 root - INFO - - Employment Status (1): impact varies
[ 2025-03-13 19:20:19,021 ] 163 root - INFO - - Home Ownership (MORTGAGE): impact varies
[ 2025-03-13 19:20:19,021 ] 164 root - INFO - - Loan Intent (MEDICAL): impact varies
[ 2025-03-13 19:20:19,021 ] 166 root - INFO - Final calculated risk score: 0.2800
[ 2025-03-13 19:20:19,022 ] 97 werkzeug - INFO - 127.0.0.1 - - [13/Mar/2025 19:20:19] "POST /predictdata HTTP/1.1" 200 -
[ 2025-03-13 19:20:23,980 ] 212 root - INFO - Starting transformation...
[ 2025-03-13 19:20:23,980 ] 213 root - INFO - Data: {'Age': [40], 'Income': [1000000.0], 'Home': ['MORTGAGE'], 'Emp_length': [15.0], 'Intent': ['VENTURE'], 'Amount': [100000.0], 'Rate': [12.0], 'Status': ['Employed'], 'Percent_income': [0.2], 'Cred_length': [15]}
[ 2025-03-13 19:20:24,004 ] 36 root - INFO - Loading model from artifacts/model.pkl
[ 2025-03-13 19:20:24,008 ] 38 root - INFO - Loading processor from artifacts/processor.pkl
[ 2025-03-13 19:20:24,009 ] 43 root - INFO - Converting Status from string to numeric value
[ 2025-03-13 19:20:24,010 ] 50 root - INFO - Converted Status values: [1]
[ 2025-03-13 19:20:24,010 ] 54 root - INFO - Attempting prediction with original model...
[ 2025-03-13 19:20:24,010 ] 62 root - ERROR - Original model prediction failed: 'ColumnTransformer' object has no attribute '_name_to_fitted_passthrough'
[ 2025-03-13 19:20:24,010 ] 63 root - INFO - Using enhanced fallback prediction approach...
[ 2025-03-13 19:20:24,011 ] 156 root - INFO - Enhanced risk calculation factors:
[ 2025-03-13 19:20:24,011 ] 157 root - INFO - - Age (40): impact varies
[ 2025-03-13 19:20:24,011 ] 158 root - INFO - - Loan/Income (0.10): impact varies
[ 2025-03-13 19:20:24,011 ] 159 root - INFO - - Employment Length (15.0): impact varies
[ 2025-03-13 19:20:24,011 ] 160 root - INFO - - Credit Length (15): impact varies
[ 2025-03-13 19:20:24,011 ] 161 root - INFO - - Interest Rate (12.0): impact varies
[ 2025-03-13 19:20:24,011 ] 162 root - INFO - - Employment Status (1): impact varies
[ 2025-03-13 19:20:24,011 ] 163 root - INFO - - Home Ownership (MORTGAGE): impact varies
[ 2025-03-13 19:20:24,011 ] 164 root - INFO - - Loan Intent (VENTURE): impact varies
[ 2025-03-13 19:20:24,011 ] 166 root - INFO - Final calculated risk score: 0.3100
[ 2025-03-13 19:20:24,012 ] 97 werkzeug - INFO - 127.0.0.1 - - [13/Mar/2025 19:20:24] "POST /predictdata HTTP/1.1" 200 -
[ 2025-03-13 19:21:31,593 ] 212 root - INFO - Starting transformation...
[ 2025-03-13 19:21:31,593 ] 213 root - INFO - Data: {'Age': [40], 'Income': [1000000.0], 'Home': ['OWN'], 'Emp_length': [15.0], 'Intent': ['PERSONAL'], 'Amount': [100000.0], 'Rate': [12.0], 'Status': ['Employed'], 'Percent_income': [0.02], 'Cred_length': [10]}
[ 2025-03-13 19:21:31,608 ] 36 root - INFO - Loading model from artifacts/model.pkl
[ 2025-03-13 19:21:31,612 ] 38 root - INFO - Loading processor from artifacts/processor.pkl
[ 2025-03-13 19:21:31,612 ] 43 root - INFO - Converting Status from string to numeric value
[ 2025-03-13 19:21:31,613 ] 50 root - INFO - Converted Status values: [1]
[ 2025-03-13 19:21:31,613 ] 54 root - INFO - Attempting prediction with original model...
[ 2025-03-13 19:21:31,613 ] 62 root - ERROR - Original model prediction failed: 'ColumnTransformer' object has no attribute '_name_to_fitted_passthrough'
[ 2025-03-13 19:21:31,614 ] 63 root - INFO - Using enhanced fallback prediction approach...
[ 2025-03-13 19:21:31,614 ] 156 root - INFO - Enhanced risk calculation factors:
[ 2025-03-13 19:21:31,614 ] 157 root - INFO - - Age (40): impact varies
[ 2025-03-13 19:21:31,614 ] 158 root - INFO - - Loan/Income (0.10): impact varies
[ 2025-03-13 19:21:31,614 ] 159 root - INFO - - Employment Length (15.0): impact varies
[ 2025-03-13 19:21:31,614 ] 160 root - INFO - - Credit Length (10): impact varies
[ 2025-03-13 19:21:31,614 ] 161 root - INFO - - Interest Rate (12.0): impact varies
[ 2025-03-13 19:21:31,614 ] 162 root - INFO - - Employment Status (1): impact varies
[ 2025-03-13 19:21:31,614 ] 163 root - INFO - - Home Ownership (OWN): impact varies
[ 2025-03-13 19:21:31,614 ] 164 root - INFO - - Loan Intent (PERSONAL): impact varies
[ 2025-03-13 19:21:31,614 ] 166 root - INFO - Final calculated risk score: 0.2700
[ 2025-03-13 19:21:31,615 ] 97 werkzeug - INFO - 127.0.0.1 - - [13/Mar/2025 19:21:31] "POST /predictdata HTTP/1.1" 200 -
[ 2025-03-13 19:21:50,591 ] 212 root - INFO - Starting transformation...
[ 2025-03-13 19:21:50,592 ] 213 root - INFO - Data: {'Age': [40], 'Income': [1000000.0], 'Home': ['OWN'], 'Emp_length': [15.0], 'Intent': ['PERSONAL'], 'Amount': [100000.0], 'Rate': [12.0], 'Status': ['Employed'], 'Percent_income': [0.02], 'Cred_length': [10]}
[ 2025-03-13 19:21:50,616 ] 36 root - INFO - Loading model from artifacts/model.pkl
[ 2025-03-13 19:21:50,621 ] 38 root - INFO - Loading processor from artifacts/processor.pkl
[ 2025-03-13 19:21:50,622 ] 43 root - INFO - Converting Status from string to numeric value
[ 2025-03-13 19:21:50,623 ] 50 root - INFO - Converted Status values: [1]
[ 2025-03-13 19:21:50,623 ] 54 root - INFO - Attempting prediction with original model...
[ 2025-03-13 19:21:50,623 ] 62 root - ERROR - Original model prediction failed: 'ColumnTransformer' object has no attribute '_name_to_fitted_passthrough'
[ 2025-03-13 19:21:50,623 ] 63 root - INFO - Using enhanced fallback prediction approach...
[ 2025-03-13 19:21:50,623 ] 156 root - INFO - Enhanced risk calculation factors:
[ 2025-03-13 19:21:50,623 ] 157 root - INFO - - Age (40): impact varies
[ 2025-03-13 19:21:50,624 ] 158 root - INFO - - Loan/Income (0.10): impact varies
[ 2025-03-13 19:21:50,624 ] 159 root - INFO - - Employment Length (15.0): impact varies
[ 2025-03-13 19:21:50,624 ] 160 root - INFO - - Credit Length (10): impact varies
[ 2025-03-13 19:21:50,624 ] 161 root - INFO - - Interest Rate (12.0): impact varies
[ 2025-03-13 19:21:50,624 ] 162 root - INFO - - Employment Status (1): impact varies
[ 2025-03-13 19:21:50,624 ] 163 root - INFO - - Home Ownership (OWN): impact varies
[ 2025-03-13 19:21:50,624 ] 164 root - INFO - - Loan Intent (PERSONAL): impact varies
[ 2025-03-13 19:21:50,624 ] 166 root - INFO - Final calculated risk score: 0.2700
[ 2025-03-13 19:21:50,625 ] 97 werkzeug - INFO - 127.0.0.1 - - [13/Mar/2025 19:21:50] "POST /predictdata HTTP/1.1" 200 -
[ 2025-03-13 19:22:54,993 ] 97 werkzeug - INFO -  * Detected change in '/home/soham/Programs/CreditMetrics (another copy)/src/pipeline/pred_pipeline.py', reloading
