[ 2025-03-13 18:51:08,044 ] 97 werkzeug - WARNING -  * Debugger is active!
[ 2025-03-13 18:51:08,044 ] 97 werkzeug - INFO -  * Debugger PIN: 717-430-023
[ 2025-03-13 18:51:19,607 ] 117 root - INFO - Starting transformation...
[ 2025-03-13 18:51:19,607 ] 118 root - INFO - Data: {'Age': [22], 'Income': [59000.0], 'Home': ['RENT'], 'Emp_length': [123.0], 'Intent': ['PERSONAL'], 'Amount': [35000.0], 'Rate': [16.0], 'Status': ['Employed'], 'Percent_income': [0.59], 'Cred_length': [3]}
[ 2025-03-13 18:51:19,626 ] 18 root - INFO - Loading model from artifacts/model.pkl
[ 2025-03-13 18:51:19,692 ] 20 root - INFO - Loading processor from artifacts/processor.pkl
[ 2025-03-13 18:51:19,697 ] 25 root - INFO - Converting Status from string to numeric value
[ 2025-03-13 18:51:19,698 ] 34 root - INFO - Converted Status values: [1]
[ 2025-03-13 18:51:19,698 ] 37 root - INFO - Transforming data using transformer
[ 2025-03-13 18:51:19,698 ] 38 root - INFO - Input data shape: (1, 10)
[ 2025-03-13 18:51:19,699 ] 39 root - INFO - Feature datatypes: Age                 int64
Income            float64
Home               object
Emp_length        float64
Intent             object
Amount            float64
Rate              float64
Status              int64
Percent_income    float64
Cred_length         int64
dtype: object
[ 2025-03-13 18:51:19,699 ] 43 root - ERROR - Transformation error: 'ColumnTransformer' object has no attribute '_name_to_fitted_passthrough'
[ 2025-03-13 18:51:19,700 ] 53 root - INFO - Processing columns ['Age', 'Income', 'Amount', 'Status', 'Percent_income', 'Cred_length'] with num
[ 2025-03-13 18:51:19,702 ] 53 root - INFO - Processing columns ['Emp_length'] with impute_median
[ 2025-03-13 18:51:19,704 ] 53 root - INFO - Processing columns ['Rate'] with impute_mean
[ 2025-03-13 18:51:19,705 ] 53 root - INFO - Processing columns ['Home', 'Intent'] with cat
[ 2025-03-13 18:51:19,707 ] 76 root - ERROR - Prediction error: all the input arrays must have same number of dimensions, but the array at index 0 has 2 dimension(s) and the array at index 3 has 1 dimension(s)
[ 2025-03-13 18:51:19,713 ] 97 werkzeug - INFO - 127.0.0.1 - - [13/Mar/2025 18:51:19] "[35m[1mPOST /predictdata HTTP/1.1[0m" 500 -
[ 2025-03-13 18:51:19,736 ] 97 werkzeug - INFO - 127.0.0.1 - - [13/Mar/2025 18:51:19] "[36mGET /predictdata?__debugger__=yes&cmd=resource&f=style.css HTTP/1.1[0m" 304 -
[ 2025-03-13 18:51:19,738 ] 97 werkzeug - INFO - 127.0.0.1 - - [13/Mar/2025 18:51:19] "[36mGET /predictdata?__debugger__=yes&cmd=resource&f=debugger.js HTTP/1.1[0m" 304 -
[ 2025-03-13 18:51:19,813 ] 97 werkzeug - INFO - 127.0.0.1 - - [13/Mar/2025 18:51:19] "GET /predictdata?__debugger__=yes&cmd=resource&f=console.png&s=0wzB2FQKPL09oIEaInWI HTTP/1.1" 200 -
[ 2025-03-13 18:52:19,254 ] 97 werkzeug - INFO -  * Detected change in '/home/soham/Programs/CreditMetrics (another copy)/src/pipeline/pred_pipeline.py', reloading
