[ 2025-03-13 19:51:01,845 ] 97 werkzeug - WARNING -  * Debugger is active!
[ 2025-03-13 19:51:01,846 ] 97 werkzeug - INFO -  * Debugger PIN: 717-430-023
[ 2025-03-13 19:51:07,281 ] 228 root - INFO - Starting transformation...
[ 2025-03-13 19:51:07,281 ] 229 root - INFO - Data: {'Age': [40], 'Income': [1000000.0], 'Home': ['OWN'], 'Emp_length': [15.0], 'Intent': ['PERSONAL'], 'Amount': [1000000.0], 'Rate': [12.0], 'Status': ['Employed'], 'Percent_income': [0.01], 'Cred_length': [10]}
[ 2025-03-13 19:51:07,310 ] 36 root - INFO - Loading model from artifacts/model.pkl
[ 2025-03-13 19:51:07,316 ] 38 root - INFO - Loading processor from artifacts/processor.pkl
[ 2025-03-13 19:51:07,321 ] 43 root - INFO - Converting Status from string to numeric value
[ 2025-03-13 19:51:07,322 ] 50 root - INFO - Converted Status values: [1]
[ 2025-03-13 19:51:07,322 ] 54 root - INFO - Attempting prediction with original model...
[ 2025-03-13 19:51:07,322 ] 62 root - ERROR - Original model prediction failed: 'ColumnTransformer' object has no attribute '_name_to_fitted_passthrough'
[ 2025-03-13 19:51:07,322 ] 63 root - INFO - Using enhanced fallback prediction approach...
[ 2025-03-13 19:51:07,322 ] 173 root - INFO - Final calculated risk score (after 0.3 reduction): 0.4700
[ 2025-03-13 19:51:07,326 ] 97 werkzeug - INFO - 127.0.0.1 - - [13/Mar/2025 19:51:07] "POST /predictdata HTTP/1.1" 200 -
[ 2025-03-13 19:51:13,678 ] 228 root - INFO - Starting transformation...
[ 2025-03-13 19:51:13,678 ] 229 root - INFO - Data: {'Age': [40], 'Income': [1000000.0], 'Home': ['OWN'], 'Emp_length': [15.0], 'Intent': ['PERSONAL'], 'Amount': [100000.0], 'Rate': [12.0], 'Status': ['Employed'], 'Percent_income': [0.01], 'Cred_length': [10]}
[ 2025-03-13 19:51:13,698 ] 36 root - INFO - Loading model from artifacts/model.pkl
[ 2025-03-13 19:51:13,704 ] 38 root - INFO - Loading processor from artifacts/processor.pkl
[ 2025-03-13 19:51:13,705 ] 43 root - INFO - Converting Status from string to numeric value
[ 2025-03-13 19:51:13,707 ] 50 root - INFO - Converted Status values: [1]
[ 2025-03-13 19:51:13,707 ] 54 root - INFO - Attempting prediction with original model...
[ 2025-03-13 19:51:13,707 ] 62 root - ERROR - Original model prediction failed: 'ColumnTransformer' object has no attribute '_name_to_fitted_passthrough'
[ 2025-03-13 19:51:13,708 ] 63 root - INFO - Using enhanced fallback prediction approach...
[ 2025-03-13 19:51:13,708 ] 173 root - INFO - Final calculated risk score (after 0.3 reduction): 0.0500
[ 2025-03-13 19:51:13,709 ] 97 werkzeug - INFO - 127.0.0.1 - - [13/Mar/2025 19:51:13] "POST /predictdata HTTP/1.1" 200 -
[ 2025-03-13 19:51:21,859 ] 228 root - INFO - Starting transformation...
[ 2025-03-13 19:51:21,859 ] 229 root - INFO - Data: {'Age': [40], 'Income': [1000000.0], 'Home': ['OWN'], 'Emp_length': [15.0], 'Intent': ['PERSONAL'], 'Amount': [10000000.0], 'Rate': [12.0], 'Status': ['Employed'], 'Percent_income': [0.01], 'Cred_length': [10]}
[ 2025-03-13 19:51:21,881 ] 36 root - INFO - Loading model from artifacts/model.pkl
[ 2025-03-13 19:51:21,885 ] 38 root - INFO - Loading processor from artifacts/processor.pkl
[ 2025-03-13 19:51:21,886 ] 43 root - INFO - Converting Status from string to numeric value
[ 2025-03-13 19:51:21,888 ] 50 root - INFO - Converted Status values: [1]
[ 2025-03-13 19:51:21,888 ] 54 root - INFO - Attempting prediction with original model...
[ 2025-03-13 19:51:21,888 ] 62 root - ERROR - Original model prediction failed: 'ColumnTransformer' object has no attribute '_name_to_fitted_passthrough'
[ 2025-03-13 19:51:21,888 ] 63 root - INFO - Using enhanced fallback prediction approach...
[ 2025-03-13 19:51:21,888 ] 173 root - INFO - Final calculated risk score (after 0.3 reduction): 0.5200
[ 2025-03-13 19:51:21,889 ] 97 werkzeug - INFO - 127.0.0.1 - - [13/Mar/2025 19:51:21] "POST /predictdata HTTP/1.1" 200 -
[ 2025-03-13 19:51:28,787 ] 228 root - INFO - Starting transformation...
[ 2025-03-13 19:51:28,787 ] 229 root - INFO - Data: {'Age': [40], 'Income': [1000000.0], 'Home': ['OWN'], 'Emp_length': [15.0], 'Intent': ['PERSONAL'], 'Amount': [10000000.0], 'Rate': [12.0], 'Status': ['Employed'], 'Percent_income': [0.01], 'Cred_length': [10]}
[ 2025-03-13 19:51:28,817 ] 36 root - INFO - Loading model from artifacts/model.pkl
[ 2025-03-13 19:51:28,822 ] 38 root - INFO - Loading processor from artifacts/processor.pkl
[ 2025-03-13 19:51:28,823 ] 43 root - INFO - Converting Status from string to numeric value
[ 2025-03-13 19:51:28,824 ] 50 root - INFO - Converted Status values: [1]
[ 2025-03-13 19:51:28,824 ] 54 root - INFO - Attempting prediction with original model...
[ 2025-03-13 19:51:28,825 ] 62 root - ERROR - Original model prediction failed: 'ColumnTransformer' object has no attribute '_name_to_fitted_passthrough'
[ 2025-03-13 19:51:28,825 ] 63 root - INFO - Using enhanced fallback prediction approach...
[ 2025-03-13 19:51:28,825 ] 173 root - INFO - Final calculated risk score (after 0.3 reduction): 0.5200
[ 2025-03-13 19:51:28,826 ] 97 werkzeug - INFO - 127.0.0.1 - - [13/Mar/2025 19:51:28] "POST /predictdata HTTP/1.1" 200 -
[ 2025-03-13 19:51:56,762 ] 228 root - INFO - Starting transformation...
[ 2025-03-13 19:51:56,762 ] 229 root - INFO - Data: {'Age': [40], 'Income': [1000000.0], 'Home': ['OWN'], 'Emp_length': [15.0], 'Intent': ['PERSONAL'], 'Amount': [10000000.0], 'Rate': [12.0], 'Status': ['Employed'], 'Percent_income': [0.01], 'Cred_length': [10]}
[ 2025-03-13 19:51:56,794 ] 36 root - INFO - Loading model from artifacts/model.pkl
[ 2025-03-13 19:51:56,798 ] 38 root - INFO - Loading processor from artifacts/processor.pkl
[ 2025-03-13 19:51:56,798 ] 43 root - INFO - Converting Status from string to numeric value
[ 2025-03-13 19:51:56,800 ] 50 root - INFO - Converted Status values: [1]
[ 2025-03-13 19:51:56,800 ] 54 root - INFO - Attempting prediction with original model...
[ 2025-03-13 19:51:56,800 ] 62 root - ERROR - Original model prediction failed: 'ColumnTransformer' object has no attribute '_name_to_fitted_passthrough'
[ 2025-03-13 19:51:56,800 ] 63 root - INFO - Using enhanced fallback prediction approach...
[ 2025-03-13 19:51:56,800 ] 173 root - INFO - Final calculated risk score (after 0.3 reduction): 0.5200
[ 2025-03-13 19:51:56,801 ] 97 werkzeug - INFO - 127.0.0.1 - - [13/Mar/2025 19:51:56] "POST /predictdata HTTP/1.1" 200 -
[ 2025-03-13 19:52:13,788 ] 228 root - INFO - Starting transformation...
[ 2025-03-13 19:52:13,788 ] 229 root - INFO - Data: {'Age': [40], 'Income': [1000000.0], 'Home': ['OWN'], 'Emp_length': [15.0], 'Intent': ['PERSONAL'], 'Amount': [1000000.0], 'Rate': [12.0], 'Status': ['Employed'], 'Percent_income': [0.01], 'Cred_length': [10]}
[ 2025-03-13 19:52:13,804 ] 36 root - INFO - Loading model from artifacts/model.pkl
[ 2025-03-13 19:52:13,808 ] 38 root - INFO - Loading processor from artifacts/processor.pkl
[ 2025-03-13 19:52:13,809 ] 43 root - INFO - Converting Status from string to numeric value
[ 2025-03-13 19:52:13,810 ] 50 root - INFO - Converted Status values: [1]
[ 2025-03-13 19:52:13,811 ] 54 root - INFO - Attempting prediction with original model...
[ 2025-03-13 19:52:13,811 ] 62 root - ERROR - Original model prediction failed: 'ColumnTransformer' object has no attribute '_name_to_fitted_passthrough'
[ 2025-03-13 19:52:13,811 ] 63 root - INFO - Using enhanced fallback prediction approach...
[ 2025-03-13 19:52:13,811 ] 173 root - INFO - Final calculated risk score (after 0.3 reduction): 0.4700
[ 2025-03-13 19:52:13,812 ] 97 werkzeug - INFO - 127.0.0.1 - - [13/Mar/2025 19:52:13] "POST /predictdata HTTP/1.1" 200 -
[ 2025-03-13 19:53:32,963 ] 97 werkzeug - INFO -  * Detected change in '/home/soham/Programs/CreditMetrics (another copy)/src/pipeline/pred_pipeline.py', reloading
